<?xml version="1.0" encoding="UTF-8"?>
<coverage generated="1785061429539" clover="3.2.0">
  <project timestamp="1785061429539" name="All files">
    <metrics statements="22" coveredstatements="21" conditionals="5" coveredconditionals="4" methods="5" coveredmethods="5" elements="32" coveredelements="30" complexity="0" loc="22" ncloc="22" packages="1" files="2" classes="2"/>
    <file name="room.service.ts" path="C:\Users\lycor\Documents\socketio-chat-practice\server\src\services\room.service.ts">
      <metrics statements="15" coveredstatements="14" conditionals="4" coveredconditionals="3" methods="4" coveredmethods="4"/>
      <line num="6" count="1" type="stmt"/>
      <line num="7" count="1" type="stmt"/>
      <line num="13" count="1" type="stmt"/>
      <line num="14" count="1" type="stmt"/>
      <line num="28" count="1" type="stmt"/>
      <line num="29" count="2" type="stmt"/>
      <line num="30" count="2" type="stmt"/>
      <line num="37" count="1" type="cond" truecount="1" falsecount="1"/>
      <line num="41" count="1" type="stmt"/>
      <line num="42" count="1" type="stmt"/>
      <line num="44" count="0" type="stmt"/>
      <line num="51" count="1" type="stmt"/>
      <line num="56" count="1" type="stmt"/>
      <line num="71" count="1" type="stmt"/>
      <line num="72" count="1" type="stmt"/>
    </file>
    <file name="roomCode.service.ts" path="C:\Users\lycor\Documents\socketio-chat-practice\server\src\services\roomCode.service.ts">
      <metrics statements="7" coveredstatements="7" conditionals="1" coveredconditionals="1" methods="1" coveredmethods="1"/>
      <line num="7" count="1" type="stmt"/>
      <line num="14" count="1" type="cond" truecount="1" falsecount="0"/>
      <line num="15" count="205" type="stmt"/>
      <line num="16" count="205" type="stmt"/>
      <line num="17" count="4078" type="stmt"/>
      <line num="18" count="4078" type="stmt"/>
      <line num="20" count="205" type="stmt"/>
    </file>
  </project>
</coverage>
