{"C:\\Users\\lycor\\Documents\\socketio-chat-practice\\server\\src\\services\\room.service.ts": {"path":"C:\\Users\\lycor\\Documents\\socketio-chat-practice\\server\\src\\services\\room.service.ts","statementMap":{"0":{"start":{"line":13,"column":0},"end":{"line":13,"column":7}},"1":{"start":{"line":28,"column":0},"end":{"line":28,"column":7}},"2":{"start":{"line":51,"column":0},"end":{"line":51,"column":7}},"3":{"start":{"line":71,"column":0},"end":{"line":71,"column":7}},"4":{"start":{"line":6,"column":0},"end":{"line":6,"column":42}},"5":{"start":{"line":7,"column":0},"end":{"line":7,"column":40}},"6":{"start":{"line":14,"column":2},"end":{"line":18,"column":5}},"7":{"start":{"line":29,"column":2},"end":{"line":45,"column":3}},"8":{"start":{"line":30,"column":4},"end":{"line":33,"column":7}},"9":{"start":{"line":37,"column":4},"end":{"line":43,"column":5}},"10":{"start":{"line":41,"column":6},"end":{"line":41,"column":77}},"11":{"start":{"line":42,"column":6},"end":{"line":42,"column":18}},"12":{"start":{"line":44,"column":4},"end":{"line":44,"column":16}},"13":{"start":{"line":56,"column":2},"end":{"line":65,"column":5}},"14":{"start":{"line":72,"column":2},"end":{"line":72,"column":63}}},"fnMap":{"0":{"name":"getUsersInRoom","decl":{"start":{"line":13,"column":22},"end":{"line":13,"column":36}},"loc":{"start":{"line":13,"column":51},"end":{"line":19,"column":1}}},"1":{"name":"setUserRoom","decl":{"start":{"line":28,"column":22},"end":{"line":28,"column":33}},"loc":{"start":{"line":28,"column":71},"end":{"line":46,"column":1}}},"2":{"name":"createMessage","decl":{"start":{"line":51,"column":22},"end":{"line":51,"column":35}},"loc":{"start":{"line":55,"column":1},"end":{"line":66,"column":1}}},"3":{"name":"findRoomByCode","decl":{"start":{"line":71,"column":22},"end":{"line":71,"column":36}},"loc":{"start":{"line":71,"column":53},"end":{"line":73,"column":1}}}},"branchMap":{"0":{"loc":{"start":{"line":37,"column":4},"end":{"line":43,"column":5}},"type":"if","locations":[{"start":{"line":37,"column":4},"end":{"line":43,"column":5}},{"start":{},"end":{}}]},"1":{"loc":{"start":{"line":38,"column":6},"end":{"line":39,"column":28}},"type":"binary-expr","locations":[{"start":{"line":38,"column":6},"end":{"line":38,"column":59}},{"start":{"line":39,"column":6},"end":{"line":39,"column":28}}]}},"s":{"0":1,"1":1,"2":1,"3":1,"4":1,"5":1,"6":1,"7":2,"8":2,"9":1,"10":1,"11":1,"12":0,"13":1,"14":1},"f":{"0":1,"1":2,"2":1,"3":1},"b":{"0":[1,0],"1":[1,1]}}
,"C:\\Users\\lycor\\Documents\\socketio-chat-practice\\server\\src\\services\\roomCode.service.ts": {"path":"C:\\Users\\lycor\\Documents\\socketio-chat-practice\\server\\src\\services\\roomCode.service.ts","statementMap":{"0":{"start":{"line":14,"column":0},"end":{"line":14,"column":16}},"1":{"start":{"line":7,"column":16},"end":{"line":7,"column":75}},"2":{"start":{"line":15,"column":15},"end":{"line":15,"column":17}},"3":{"start":{"line":16,"column":2},"end":{"line":19,"column":3}},"4":{"start":{"line":16,"column":15},"end":{"line":16,"column":16}},"5":{"start":{"line":17,"column":24},"end":{"line":17,"column":66}},"6":{"start":{"line":18,"column":4},"end":{"line":18,"column":35}},"7":{"start":{"line":20,"column":2},"end":{"line":20,"column":16}}},"fnMap":{"0":{"name":"generateRoomCode","decl":{"start":{"line":14,"column":16},"end":{"line":14,"column":32}},"loc":{"start":{"line":14,"column":51},"end":{"line":21,"column":1}}}},"branchMap":{"0":{"loc":{"start":{"line":14,"column":33},"end":{"line":14,"column":51}},"type":"default-arg","locations":[{"start":{"line":14,"column":50},"end":{"line":14,"column":51}}]}},"s":{"0":1,"1":1,"2":205,"3":205,"4":205,"5":4078,"6":4078,"7":205},"f":{"0":205},"b":{"0":[3]}}
}
