TN:
SF:src\services\room.service.ts
FN:13,getUsersInRoom
FN:28,setUserRoom
FN:51,createMessage
FN:71,findRoomByCode
FNF:4
FNH:4
FNDA:1,getUsersInRoom
FNDA:2,setUserRoom
FNDA:1,createMessage
FNDA:1,findRoomByCode
DA:6,1
DA:7,1
DA:13,1
DA:14,1
DA:28,1
DA:29,2
DA:30,2
DA:37,1
DA:41,1
DA:42,1
DA:44,0
DA:51,1
DA:56,1
DA:71,1
DA:72,1
LF:15
LH:14
BRDA:37,0,0,1
BRDA:37,0,1,0
BRDA:38,1,0,1
BRDA:38,1,1,1
BRF:4
BRH:3
end_of_record
TN:
SF:src\services\roomCode.service.ts
FN:14,generateRoomCode
FNF:1
FNH:1
FNDA:205,generateRoomCode
DA:7,1
DA:14,1
DA:15,205
DA:16,205
DA:17,4078
DA:18,4078
DA:20,205
LF:7
LH:7
BRDA:14,0,0,3
BRF:1
BRH:1
end_of_record
